<?xml version="1.0" encoding="UTF-8"?>
<!-- Generated by org.testng.reporters.JUnitReportReporter -->
<testsuite hostname="C100-96s-iMac.local" failures="0" tests="1" name="IndigoiOS.IndigoAutomation.ProvideFeedbackiOS" time="152.492" errors="0" timestamp="2023-06-27T14:53:56 IST" skipped="0">
  <testcase classname="IndigoiOS.IndigoAutomation.ProvideFeedbackiOS" name="Viewfeedback" time="152.492"/>
  <system-out/>
</testsuite> <!-- IndigoiOS.IndigoAutomation.ProvideFeedbackiOS -->
