<?xml version="1.0" encoding="UTF-8"?>
<!-- Generated by org.testng.reporters.JUnitReportReporter -->
<testsuite hostname="C100-96s-iMac.local" failures="0" tests="1" name="IndigoiOS.IndigoAutomation.AddManualClockingiOS" time="119.811" errors="0" timestamp="2023-06-23T18:02:50 IST" skipped="0">
  <testcase classname="IndigoiOS.IndigoAutomation.AddManualClockingiOS" name="Addmanualclocking" time="119.811"/>
  <system-out/>
</testsuite> <!-- IndigoiOS.IndigoAutomation.AddManualClockingiOS -->
