<?xml version="1.0" encoding="UTF-8"?>
<!-- Generated by org.testng.reporters.JUnitReportReporter -->
<testsuite hostname="C100-96s-iMac.local" failures="0" tests="1" name="Mavenproj.IndigoAutomation.Notification" time="39.592" errors="0" timestamp="2023-06-30T18:25:56 IST" skipped="0">
  <testcase classname="Mavenproj.IndigoAutomation.Notification" name="Notificationview" time="39.592"/>
  <system-out/>
</testsuite> <!-- Mavenproj.IndigoAutomation.Notification -->
