<?xml version="1.0" encoding="UTF-8"?>
<!-- Generated by org.testng.reporters.JUnitReportReporter -->
<testsuite hostname="c102.narola.local" failures="0" tests="1" name="Mavenproj.IndigoAutomation.BaseIndigoiOS" time="15.220" errors="0" timestamp="2022-10-11T14:11:08 IST" skipped="0">
  <testcase classname="Mavenproj.IndigoAutomation.BaseIndigoiOS" name="setup" time="15.220"/>
  <system-out/>
</testsuite> <!-- Mavenproj.IndigoAutomation.BaseIndigoiOS -->
