<?xml version="1.0" encoding="UTF-8"?>
<!-- Generated by org.testng.reporters.JUnitReportReporter -->
<testsuite hostname="C100-96s-iMac.local" failures="0" tests="2" name="Mavenproj.IndigoAutomation.AddAccount_TC" time="95.813" errors="0" timestamp="2023-06-30T17:33:35 IST" skipped="0">
  <testcase classname="Mavenproj.IndigoAutomation.AddAccount_TC" name="Trytoaddwithoutusername" time="45.692"/>
  <system-out/>
  <testcase classname="Mavenproj.IndigoAutomation.AddAccount_TC" name="Addaccount" time="50.121"/>
  <system-out/>
</testsuite> <!-- Mavenproj.IndigoAutomation.AddAccount_TC -->
