<?xml version="1.0" encoding="UTF-8"?>
<!-- Generated by org.testng.reporters.JUnitReportReporter -->
<testsuite hostname="C100-96s-iMac.local" failures="0" tests="1" name="IndigoiOS.IndigoAutomation.SlidetoclockingiOS" time="138.853" errors="0" timestamp="2023-06-27T12:21:44 IST" skipped="0">
  <testcase classname="IndigoiOS.IndigoAutomation.SlidetoclockingiOS" name="slidetoclocking" time="138.853"/>
  <system-out/>
</testsuite> <!-- IndigoiOS.IndigoAutomation.SlidetoclockingiOS -->
