<?xml version="1.0" encoding="UTF-8"?>
<!-- Generated by org.testng.reporters.JUnitReportReporter -->
<testsuite hostname="C100-96s-iMac.local" failures="0" tests="1" name="Mavenproj.IndigoAutomation.Provide_Feedback" time="77.955" errors="0" timestamp="2023-07-04T09:51:06 IST" skipped="0">
  <testcase classname="Mavenproj.IndigoAutomation.Provide_Feedback" name="Providefeedbackview" time="77.955"/>
  <system-out/>
</testsuite> <!-- Mavenproj.IndigoAutomation.Provide_Feedback -->
