<?xml version="1.0" encoding="UTF-8"?>
<!-- Generated by org.testng.reporters.JUnitReportReporter -->
<testsuite hostname="C100-96s-iMac.local" failures="0" tests="1" name="Mavenproj.IndigoAutomation.Help" time="74.925" errors="0" timestamp="2023-06-30T18:33:49 IST" skipped="0">
  <testcase classname="Mavenproj.IndigoAutomation.Help" name="Helpview" time="74.925"/>
  <system-out/>
</testsuite> <!-- Mavenproj.IndigoAutomation.Help -->
