<?xml version="1.0" encoding="UTF-8"?>
<!-- Generated by org.testng.reporters.JUnitReportReporter -->
<testsuite hostname="c102.narola.local" failures="0" tests="2" name="IndigoiOS.NotificationiOS" time="135.970" errors="0" timestamp="2022-10-13T17:56:36 IST" skipped="0">
  <testcase classname="IndigoiOS.NotificationiOS" name="setup" time="54.318"/>
  <system-out/>
  <testcase classname="IndigoiOS.NotificationiOS" name="notificationview" time="81.652"/>
  <system-out/>
</testsuite> <!-- IndigoiOS.NotificationiOS -->
