<?xml version="1.0" encoding="UTF-8"?>
<!-- Generated by org.testng.reporters.JUnitReportReporter -->
<testsuite hostname="C100-96s-iMac.local" failures="0" tests="2" name="Mavenproj.IndigoAutomation.LogoutTestcases" time="71.126" errors="0" timestamp="2023-07-04T09:55:12 IST" skipped="0">
  <testcase classname="Mavenproj.IndigoAutomation.LogoutTestcases" name="Trytologout" time="33.749"/>
  <system-out/>
  <testcase classname="Mavenproj.IndigoAutomation.LogoutTestcases" name="LogoutfromApp" time="37.377"/>
  <system-out/>
</testsuite> <!-- Mavenproj.IndigoAutomation.LogoutTestcases -->
