<?xml version="1.0" encoding="UTF-8"?>
<!-- Generated by org.testng.reporters.JUnitReportReporter -->
<testsuite hostname="c102.narola.local" failures="0" tests="1" name="IndigoiOS.ChangeAccessCodeIOS" time="11.843" errors="0" timestamp="2022-10-14T11:01:10 IST" skipped="0">
  <testcase classname="IndigoiOS.ChangeAccessCodeIOS" name="setup" time="11.843"/>
  <system-out/>
</testsuite> <!-- IndigoiOS.ChangeAccessCodeIOS -->
