<?xml version="1.0" encoding="UTF-8"?>
<!-- Generated by org.testng.reporters.JUnitReportReporter -->
<testsuite hostname="c102.narola.local" failures="0" tests="2" name="IndigoiOS.DashboardiOS" time="85.097" errors="0" timestamp="2022-10-13T12:27:39 IST" skipped="0">
  <testcase classname="IndigoiOS.DashboardiOS" name="setup" time="17.281"/>
  <system-out/>
  <testcase classname="IndigoiOS.DashboardiOS" name="dashboard" time="67.816"/>
  <system-out/>
</testsuite> <!-- IndigoiOS.DashboardiOS -->
