<?xml version="1.0" encoding="UTF-8"?>
<!-- Generated by org.testng.reporters.JUnitReportReporter -->
<testsuite hostname="C100-96s-iMac.local" failures="0" tests="1" name="Mavenproj.IndigoAutomation.Slidetoclocking" time="84.230" errors="0" timestamp="2023-06-30T18:15:36 IST" skipped="0">
  <testcase classname="Mavenproj.IndigoAutomation.Slidetoclocking" name="SlidetoClocking" time="84.230"/>
  <system-out/>
</testsuite> <!-- Mavenproj.IndigoAutomation.Slidetoclocking -->
