<?xml version="1.0" encoding="UTF-8"?>
<!-- Generated by org.testng.reporters.JUnitReportReporter -->
<testsuite hostname="C100-96s-iMac.local" failures="0" tests="1" name="Mavenproj.IndigoAutomation.Day_N0AndNight_No_0" time="82.040" errors="1" timestamp="2023-07-06T15:29:15 IST" skipped="0">
  <testcase classname="Mavenproj.IndigoAutomation.Day_N0AndNight_No_0" name="manualclockin" time="82.040">
    <error message="An unknown server-side error occurred while processing the command. Original error: Cannot start the &#039;com.android.settings&#039; application. Consider checking the driver&#039;s troubleshooting documentation. Original error: Error executing adbExec. Original error: &#039;Command &#039;/Users/c100-96/Library/Android/sdk/platform-tools/adb -P 5037 -s emulator-5554 shell am start -W -n com.android.settings/com.android.settings.SubSettings -S&#039; exited with code 255&#039;; Command output: 
Exception occurred while executing &#039;start&#039;:
java.lang.SecurityException: Permission Denial: starting Intent { flg=0x10000000 cmp=com.android.settings/.SubSettings } from null (pid=23200, uid=2000) not exported from uid 1000
	at com.android.server.wm.ActivityTaskSupervisor.checkStartAnyActivityPermission(ActivityTaskSupervisor.java:1047)
	at com.android.server.wm.ActivityStarter.executeRequest(ActivityStarter.java:975)
	at com.android.server.wm.ActivityStarter.execute(ActivityStarter.java:665)
	at com.android.server.wm.ActivityTaskManagerService.startActivityAndWait(ActivityTaskManagerService.java:1441)
	at com.android.server.am.ActivityManagerService.startActivityAndWait(ActivityManagerService.java:2935)
	at com.android.server.am.ActivityManagerShellCommand.runStartActivity(ActivityManagerShellCommand.java:557)
	at com.android.server.am.ActivityManagerShellCommand.onCommand(ActivityManagerShellCommand.java:193)
	at com.android.modules.utils.BasicShellCommandHandler.exec(BasicShellCommandHandler.java:97)
	at android.os.ShellCommand.exec(ShellCommand.java:38)
	at com.android.server.am.ActivityManagerService.onShellCommand(ActivityManagerService.java:8609)
	at android.os.Binder.shellCommand(Binder.java:950)
	at android.os.Binder.onTransact(Binder.java:834)
	at android.app.IActivityManager$Stub.onTransact(IActivityManager.java:5108)
	at com.android.server.am.ActivityManagerService.onTransact(ActivityManagerService.java:2498)
	at android.os.Binder.execTransactInternal(Binder.java:1184)
	at android.os.Binder.execTransact(Binder.java:1143)

Build info: version: &#039;3.141.59&#039;, revision: &#039;e82be7d358&#039;, time: &#039;2018-11-14T08:17:03&#039;
System info: host: &#039;C100-96s-iMac.local&#039;, ip: &#039;fe80:0:0:0:109c:d041:1509:94bb%en0&#039;, os.name: &#039;Mac OS X&#039;, os.arch: &#039;x86_64&#039;, os.version: &#039;10.16&#039;, java.version: &#039;15.0.1&#039;
Driver info: io.appium.java_client.android.AndroidDriver
Capabilities {app: /Users/c100-96/Documents/In..., appPackage: com.shireburn.indigo, automationName: uiautomator2, databaseEnabled: false, desired: {app: /Users/c100-96/Documents/In..., automationName: uiautomator2, deviceName: Nayanemulator, platformName: android}, deviceApiLevel: 31, deviceManufacturer: Google, deviceModel: sdk_gphone64_x86_64, deviceName: emulator-5554, deviceScreenDensity: 560, deviceScreenSize: 1440x2880, deviceUDID: emulator-5554, javascriptEnabled: true, locationContextEnabled: false, networkConnectionEnabled: true, pixelRatio: 3.5, platform: LINUX, platformName: Android, platformVersion: 12, statBarHeight: 84, takesScreenshot: true, viewportRect: {height: 2628, left: 0, top: 84, width: 1440}, warnings: {}, webStorageEnabled: false}
Session ID: 2ebaf5c9-e92a-4deb-a3b9-30742f617dff" type="org.openqa.selenium.WebDriverException">
      <![CDATA[org.openqa.selenium.WebDriverException: An unknown server-side error occurred while processing the command. Original error: Cannot start the 'com.android.settings' application. Consider checking the driver's troubleshooting documentation. Original error: Error executing adbExec. Original error: 'Command '/Users/c100-96/Library/Android/sdk/platform-tools/adb -P 5037 -s emulator-5554 shell am start -W -n com.android.settings/com.android.settings.SubSettings -S' exited with code 255'; Command output: 
Exception occurred while executing 'start':
java.lang.SecurityException: Permission Denial: starting Intent { flg=0x10000000 cmp=com.android.settings/.SubSettings } from null (pid=23200, uid=2000) not exported from uid 1000
at com.android.server.wm.ActivityTaskSupervisor.checkStartAnyActivityPermission(ActivityTaskSupervisor.java:1047)
at com.android.server.wm.ActivityStarter.executeRequest(ActivityStarter.java:975)
at com.android.server.wm.ActivityStarter.execute(ActivityStarter.java:665)
at com.android.server.wm.ActivityTaskManagerService.startActivityAndWait(ActivityTaskManagerService.java:1441)
at com.android.server.am.ActivityManagerService.startActivityAndWait(ActivityManagerService.java:2935)
at com.android.server.am.ActivityManagerShellCommand.runStartActivity(ActivityManagerShellCommand.java:557)
at com.android.server.am.ActivityManagerShellCommand.onCommand(ActivityManagerShellCommand.java:193)
at com.android.modules.utils.BasicShellCommandHandler.exec(BasicShellCommandHandler.java:97)
at android.os.ShellCommand.exec(ShellCommand.java:38)
at com.android.server.am.ActivityManagerService.onShellCommand(ActivityManagerService.java:8609)
at android.os.Binder.shellCommand(Binder.java:950)
at android.os.Binder.onTransact(Binder.java:834)
at android.app.IActivityManager$Stub.onTransact(IActivityManager.java:5108)
at com.android.server.am.ActivityManagerService.onTransact(ActivityManagerService.java:2498)
at android.os.Binder.execTransactInternal(Binder.java:1184)
at android.os.Binder.execTransact(Binder.java:1143)

Build info: version: '3.141.59', revision: 'e82be7d358', time: '2018-11-14T08:17:03'
System info: host: 'C100-96s-iMac.local', ip: 'fe80:0:0:0:109c:d041:1509:94bb%en0', os.name: 'Mac OS X', os.arch: 'x86_64', os.version: '10.16', java.version: '15.0.1'
Driver info: io.appium.java_client.android.AndroidDriver
Capabilities {app: /Users/c100-96/Documents/In..., appPackage: com.shireburn.indigo, automationName: uiautomator2, databaseEnabled: false, desired: {app: /Users/c100-96/Documents/In..., automationName: uiautomator2, deviceName: Nayanemulator, platformName: android}, deviceApiLevel: 31, deviceManufacturer: Google, deviceModel: sdk_gphone64_x86_64, deviceName: emulator-5554, deviceScreenDensity: 560, deviceScreenSize: 1440x2880, deviceUDID: emulator-5554, javascriptEnabled: true, locationContextEnabled: false, networkConnectionEnabled: true, pixelRatio: 3.5, platform: LINUX, platformName: Android, platformVersion: 12, statBarHeight: 84, takesScreenshot: true, viewportRect: {height: 2628, left: 0, top: 84, width: 1440}, warnings: {}, webStorageEnabled: false}
Session ID: 2ebaf5c9-e92a-4deb-a3b9-30742f617dff
at java.base/jdk.internal.reflect.NativeConstructorAccessorImpl.newInstance0(Native Method)
at java.base/jdk.internal.reflect.NativeConstructorAccessorImpl.newInstance(NativeConstructorAccessorImpl.java:64)
at java.base/jdk.internal.reflect.DelegatingConstructorAccessorImpl.newInstance(DelegatingConstructorAccessorImpl.java:45)
at java.base/java.lang.reflect.Constructor.newInstanceWithCaller(Constructor.java:500)
at java.base/java.lang.reflect.Constructor.newInstance(Constructor.java:481)
at org.openqa.selenium.remote.http.W3CHttpResponseCodec.createException(W3CHttpResponseCodec.java:187)
at org.openqa.selenium.remote.http.W3CHttpResponseCodec.decode(W3CHttpResponseCodec.java:122)
at org.openqa.selenium.remote.http.W3CHttpResponseCodec.decode(W3CHttpResponseCodec.java:49)
at org.openqa.selenium.remote.HttpCommandExecutor.execute(HttpCommandExecutor.java:158)
at io.appium.java_client.remote.AppiumCommandExecutor.execute(AppiumCommandExecutor.java:247)
at org.openqa.selenium.remote.RemoteWebDriver.execute(RemoteWebDriver.java:552)
at io.appium.java_client.DefaultGenericMobileDriver.execute(DefaultGenericMobileDriver.java:41)
at io.appium.java_client.AppiumDriver.execute(AppiumDriver.java:1)
at io.appium.java_client.android.AndroidDriver.execute(AndroidDriver.java:1)
at io.appium.java_client.CommandExecutionHelper.execute(CommandExecutionHelper.java:27)
at io.appium.java_client.android.StartsActivity.startActivity(StartsActivity.java:45)
at Mavenproj.IndigoAutomation.Day_N0AndNight_No_0.manualclockin(Day_N0AndNight_No_0.java:134)
at java.base/jdk.internal.reflect.NativeMethodAccessorImpl.invoke0(Native Method)
at java.base/jdk.internal.reflect.NativeMethodAccessorImpl.invoke(NativeMethodAccessorImpl.java:64)
at java.base/jdk.internal.reflect.DelegatingMethodAccessorImpl.invoke(DelegatingMethodAccessorImpl.java:43)
at java.base/java.lang.reflect.Method.invoke(Method.java:564)
at org.testng.internal.invokers.MethodInvocationHelper.invokeMethod(MethodInvocationHelper.java:139)
at org.testng.internal.invokers.TestInvoker.invokeMethod(TestInvoker.java:677)
at org.testng.internal.invokers.TestInvoker.invokeTestMethod(TestInvoker.java:221)
at org.testng.internal.invokers.MethodRunner.runInSequence(MethodRunner.java:50)
at org.testng.internal.invokers.TestInvoker$MethodInvocationAgent.invoke(TestInvoker.java:969)
at org.testng.internal.invokers.TestInvoker.invokeTestMethods(TestInvoker.java:194)
at org.testng.internal.invokers.TestMethodWorker.invokeTestMethods(TestMethodWorker.java:148)
at org.testng.internal.invokers.TestMethodWorker.run(TestMethodWorker.java:128)
at java.base/java.util.ArrayList.forEach(ArrayList.java:1511)
at org.testng.TestRunner.privateRun(TestRunner.java:829)
at org.testng.TestRunner.run(TestRunner.java:602)
at org.testng.SuiteRunner.runTest(SuiteRunner.java:437)
at org.testng.SuiteRunner.runSequentially(SuiteRunner.java:431)
at org.testng.SuiteRunner.privateRun(SuiteRunner.java:391)
at org.testng.SuiteRunner.run(SuiteRunner.java:330)
at org.testng.SuiteRunnerWorker.runSuite(SuiteRunnerWorker.java:52)
at org.testng.SuiteRunnerWorker.run(SuiteRunnerWorker.java:95)
at org.testng.TestNG.runSuitesSequentially(TestNG.java:1256)
at org.testng.TestNG.runSuitesLocally(TestNG.java:1176)
at org.testng.TestNG.runSuites(TestNG.java:1099)
at org.testng.TestNG.run(TestNG.java:1067)
at org.testng.remote.AbstractRemoteTestNG.run(AbstractRemoteTestNG.java:115)
at org.testng.remote.RemoteTestNG.initAndRun(RemoteTestNG.java:251)
at org.testng.remote.RemoteTestNG.main(RemoteTestNG.java:77)
]]>
    </error>
  </testcase> <!-- manualclockin -->
  <system-out/>
</testsuite> <!-- Mavenproj.IndigoAutomation.Day_N0AndNight_No_0 -->
