<?xml version="1.0" encoding="UTF-8"?>
<!-- Generated by org.testng.reporters.JUnitReportReporter -->
<testsuite hostname="c102.narola.local" failures="0" tests="1" name="IndigoiOS.BaseIndigoiOS" time="12.380" errors="0" timestamp="2022-10-12T17:09:09 IST" skipped="0">
  <testcase classname="IndigoiOS.BaseIndigoiOS" name="setup" time="12.380"/>
  <system-out/>
</testsuite> <!-- IndigoiOS.BaseIndigoiOS -->
