<?xml version="1.0" encoding="UTF-8"?>
<!-- Generated by org.testng.reporters.JUnitReportReporter -->
<testsuite hostname="C100-96s-iMac.local" failures="0" tests="3" name="IndigoiOS.IndigoAutomation.ForgotPasswordiOS" time="113.308" errors="0" timestamp="2023-06-23T18:10:47 IST" skipped="0">
  <testcase classname="IndigoiOS.IndigoAutomation.ForgotPasswordiOS" name="Trytogetresetpassword" time="40.833"/>
  <system-out/>
  <testcase classname="IndigoiOS.IndigoAutomation.ForgotPasswordiOS" name="recoverwithinvaliduser" time="34.821"/>
  <system-out/>
  <testcase classname="IndigoiOS.IndigoAutomation.ForgotPasswordiOS" name="recoverwithvaliduser" time="37.654"/>
  <system-out/>
</testsuite> <!-- IndigoiOS.IndigoAutomation.ForgotPasswordiOS -->
