<?xml version="1.0" encoding="UTF-8"?>
<!-- Generated by org.testng.reporters.JUnitReportReporter -->
<testsuite hostname="C100-96s-iMac.local" failures="0" tests="1" name="IndigoiOS.IndigoAutomation.NotificationiOS" time="70.419" errors="0" timestamp="2023-06-27T12:35:41 IST" skipped="0">
  <testcase classname="IndigoiOS.IndigoAutomation.NotificationiOS" name="notificationview" time="70.419"/>
  <system-out/>
</testsuite> <!-- IndigoiOS.IndigoAutomation.NotificationiOS -->
