<?xml version="1.0" encoding="UTF-8"?>
<!-- Generated by org.testng.reporters.JUnitReportReporter -->
<testsuite hostname="c102.narola.local" failures="0" tests="5" name="Mavenproj.IndigoAutomation.LoginTestCasesiOS" time="230.351" errors="0" timestamp="2022-10-11T15:18:51 IST" skipped="0">
  <testcase classname="Mavenproj.IndigoAutomation.LoginTestCasesiOS" name="loginwithoutusername" time="74.188"/>
  <system-out/>
  <testcase classname="Mavenproj.IndigoAutomation.LoginTestCasesiOS" name="loginwithoutpassword" time="25.596"/>
  <system-out/>
  <testcase classname="Mavenproj.IndigoAutomation.LoginTestCasesiOS" name="invalidlogin" time="28.033"/>
  <system-out/>
  <testcase classname="Mavenproj.IndigoAutomation.LoginTestCasesiOS" name="showpassword" time="29.583"/>
  <system-out/>
  <testcase classname="Mavenproj.IndigoAutomation.LoginTestCasesiOS" name="login" time="72.951"/>
  <system-out/>
</testsuite> <!-- Mavenproj.IndigoAutomation.LoginTestCasesiOS -->
