<?xml version="1.0" encoding="UTF-8"?>
<!-- Generated by org.testng.reporters.JUnitReportReporter -->
<testsuite hostname="C100-96s-iMac.local" failures="0" tests="1" name="Mavenproj.IndigoAutomation.ChangeAccessCode" time="33.696" errors="0" timestamp="2023-06-30T18:01:27 IST" skipped="0">
  <testcase classname="Mavenproj.IndigoAutomation.ChangeAccessCode" name="Trytogetwithvalidusername" time="33.696"/>
  <system-out/>
</testsuite> <!-- Mavenproj.IndigoAutomation.ChangeAccessCode -->
