<?xml version="1.0" encoding="UTF-8"?>
<!-- Generated by org.testng.reporters.JUnitReportReporter -->
<testsuite hostname="C100-96s-iMac.local" failures="0" tests="1" name="IndigoiOS.IndigoAutomation.HelpiOS" time="161.891" errors="0" timestamp="2023-06-27T14:17:19 IST" skipped="0">
  <testcase classname="IndigoiOS.IndigoAutomation.HelpiOS" name="viewhelp" time="161.891"/>
  <system-out/>
</testsuite> <!-- IndigoiOS.IndigoAutomation.HelpiOS -->
