<?xml version="1.0" encoding="UTF-8"?>
<!-- Generated by org.testng.reporters.JUnitReportReporter -->
<testsuite hostname="C100-96s-iMac.local" failures="0" tests="3" name="Mavenproj.IndigoAutomation.ForgotPasswordTestcases" time="76.419" errors="0" timestamp="2023-06-30T17:55:10 IST" skipped="0">
  <testcase classname="Mavenproj.IndigoAutomation.ForgotPasswordTestcases" name="Trytogetresetpassword" time="28.196"/>
  <system-out/>
  <testcase classname="Mavenproj.IndigoAutomation.ForgotPasswordTestcases" name="Recoverwithinvaliduser" time="26.373"/>
  <system-out/>
  <testcase classname="Mavenproj.IndigoAutomation.ForgotPasswordTestcases" name="Recoverwithvaliduser" time="21.850"/>
  <system-out/>
</testsuite> <!-- Mavenproj.IndigoAutomation.ForgotPasswordTestcases -->
