<?xml version="1.0" encoding="UTF-8"?>
<!-- Generated by org.testng.reporters.JUnitReportReporter -->
<testsuite hostname="C100-96s-iMac.local" failures="0" tests="1" name="IndigoiOS.IndigoAutomation.ChangeAccessCodeIOS" time="83.561" errors="0" timestamp="2023-06-23T18:24:44 IST" skipped="0">
  <testcase classname="IndigoiOS.IndigoAutomation.ChangeAccessCodeIOS" name="Accesscode" time="83.561"/>
  <system-out/>
</testsuite> <!-- IndigoiOS.IndigoAutomation.ChangeAccessCodeIOS -->
