<?xml version="1.0" encoding="UTF-8"?>
<!-- Generated by org.testng.reporters.JUnitReportReporter -->
<testsuite hostname="C100-96s-iMac.local" failures="0" tests="1" name="Mavenproj.IndigoAutomation.Dashboard" time="82.205" errors="0" timestamp="2023-07-03T14:24:13 IST" skipped="0">
  <testcase classname="Mavenproj.IndigoAutomation.Dashboard" name="HomeScreen" time="82.205"/>
  <system-out/>
</testsuite> <!-- Mavenproj.IndigoAutomation.Dashboard -->
