<?xml version="1.0" encoding="UTF-8"?>
<!-- Generated by org.testng.reporters.JUnitReportReporter -->
<testsuite hostname="C100-96s-iMac.local" failures="0" tests="2" name="Mavenproj.IndigoAutomation.AddManualClocking" time="143.726" errors="0" timestamp="2023-06-30T17:45:10 IST" skipped="0">
  <testcase classname="Mavenproj.IndigoAutomation.AddManualClocking" name="Addmanualclock" time="85.253"/>
  <system-out/>
  <testcase classname="Mavenproj.IndigoAutomation.AddManualClocking" name="Addmanualclocking" time="58.473"/>
  <system-out/>
</testsuite> <!-- Mavenproj.IndigoAutomation.AddManualClocking -->
