<?xml version="1.0" encoding="UTF-8"?>
<!-- Generated by org.testng.reporters.JUnitReportReporter -->
<testsuite hostname="C100-96s-iMac.local" failures="0" tests="5" name="IndigoiOS.IndigoAutomation.LoginTestCasesiOS" time="176.976" errors="0" timestamp="2023-06-23T17:39:22 IST" skipped="0">
  <testcase classname="IndigoiOS.IndigoAutomation.LoginTestCasesiOS" name="loginwithoutusername" time="21.900"/>
  <system-out/>
  <testcase classname="IndigoiOS.IndigoAutomation.LoginTestCasesiOS" name="loginwithoutpassword" time="26.804"/>
  <system-out/>
  <testcase classname="IndigoiOS.IndigoAutomation.LoginTestCasesiOS" name="invalidlogin" time="31.307"/>
  <system-out/>
  <testcase classname="IndigoiOS.IndigoAutomation.LoginTestCasesiOS" name="showpassword" time="32.624"/>
  <system-out/>
  <testcase classname="IndigoiOS.IndigoAutomation.LoginTestCasesiOS" name="login" time="64.341"/>
  <system-out/>
</testsuite> <!-- IndigoiOS.IndigoAutomation.LoginTestCasesiOS -->
