<?xml version="1.0" encoding="UTF-8"?>
<!-- Generated by org.testng.reporters.JUnitReportReporter -->
<testsuite hostname="C100-96s-iMac.local" failures="0" tests="3" name="Mavenproj.IndigoAutomation.LoginTestcases" time="71.778" errors="0" timestamp="2023-06-30T17:11:57 IST" skipped="0">
  <testcase classname="Mavenproj.IndigoAutomation.LoginTestcases" name="LoginWithoutPassword" time="22.814"/>
  <system-out/>
  <testcase classname="Mavenproj.IndigoAutomation.LoginTestcases" name="InvalidCredentials" time="17.919"/>
  <system-out/>
  <testcase classname="Mavenproj.IndigoAutomation.LoginTestcases" name="ValidCredentials" time="31.045"/>
  <system-out/>
</testsuite> <!-- Mavenproj.IndigoAutomation.LoginTestcases -->
