<?xml version="1.0" encoding="UTF-8"?>
<!-- Generated by org.testng.reporters.JUnitReportReporter -->
<testsuite hostname="c102.narola.local" failures="0" tests="3" name="IndigoiOS.LoginTestCasesiOS" time="54.029" errors="0" timestamp="2022-10-13T11:55:57 IST" skipped="0">
  <testcase classname="IndigoiOS.LoginTestCasesiOS" name="setup" time="14.230"/>
  <system-out/>
  <testcase classname="IndigoiOS.LoginTestCasesiOS" name="loginwithoutusername" time="18.008"/>
  <system-out/>
  <testcase classname="IndigoiOS.LoginTestCasesiOS" name="loginwithoutpassword" time="21.791"/>
  <system-out/>
</testsuite> <!-- IndigoiOS.LoginTestCasesiOS -->
