<?xml version="1.0" encoding="UTF-8"?>
<!-- Generated by org.testng.reporters.JUnitReportReporter -->
<testsuite hostname="C100-96s-iMac.local" failures="0" tests="1" name="IndigoiOS.IndigoAutomation.AddAccountiOS" time="141.669" errors="0" timestamp="2023-06-23T17:52:34 IST" skipped="0">
  <testcase classname="IndigoiOS.IndigoAutomation.AddAccountiOS" name="addaccount" time="141.669"/>
  <system-out/>
</testsuite> <!-- IndigoiOS.IndigoAutomation.AddAccountiOS -->
