<?xml version="1.0" encoding="UTF-8"?>
<!-- Generated by org.testng.reporters.JUnitReportReporter -->
<testsuite hostname="C100-96s-iMac.local" failures="0" tests="1" name="Mavenproj.IndigoAutomation.TermsandConditions" time="69.118" errors="0" timestamp="2023-06-30T18:29:37 IST" skipped="0">
  <testcase classname="Mavenproj.IndigoAutomation.TermsandConditions" name="Termsandconditionview" time="69.118"/>
  <system-out/>
</testsuite> <!-- Mavenproj.IndigoAutomation.TermsandConditions -->
