<?xml version="1.0" encoding="UTF-8"?>
<!-- Generated by org.testng.reporters.JUnitReportReporter -->
<testsuite hostname="C100-96s-iMac.local" failures="0" tests="1" name="Mavenproj.IndigoAutomation.ChangePassword" time="34.678" errors="0" timestamp="2023-06-30T18:19:22 IST" skipped="0">
  <testcase classname="Mavenproj.IndigoAutomation.ChangePassword" name="Trytogetwithvalidusername" time="34.678"/>
  <system-out/>
</testsuite> <!-- Mavenproj.IndigoAutomation.ChangePassword -->
