<?xml version="1.0" encoding="UTF-8"?>
<!-- Generated by org.testng.reporters.JUnitReportReporter -->
<testsuite hostname="C100-96s-iMac.local" failures="0" tests="1" name="IndigoiOS.IndigoAutomation.DashboardiOS" time="142.881" errors="0" timestamp="2023-07-03T14:43:14 IST" skipped="0">
  <testcase classname="IndigoiOS.IndigoAutomation.DashboardiOS" name="dashboard" time="142.881"/>
  <system-out/>
</testsuite> <!-- IndigoiOS.IndigoAutomation.DashboardiOS -->
