<?xml version="1.0" encoding="UTF-8"?>
<!-- Generated by org.testng.reporters.JUnitReportReporter -->
<testsuite hostname="C100-96s-iMac.local" failures="0" tests="2" name="IndigoiOS.IndigoAutomation.LogoutiOS" time="189.042" errors="0" timestamp="2023-06-27T15:13:02 IST" skipped="0">
  <testcase classname="IndigoiOS.IndigoAutomation.LogoutiOS" name="logout" time="119.589"/>
  <system-out/>
  <testcase classname="IndigoiOS.IndigoAutomation.LogoutiOS" name="logoutmore" time="69.453"/>
  <system-out/>
</testsuite> <!-- IndigoiOS.IndigoAutomation.LogoutiOS -->
